<?xml version="1.0" encoding="UTF-8"?>
<testng-results skipped="0" failed="0" ignored="0" total="1" passed="1">
  <reporter-output>
  </reporter-output>
  <suite name="Default suite" duration-ms="4007" started-at="2020-11-11T07:39:02Z" finished-at="2020-11-11T07:39:06Z">
    <groups>
    </groups>
    <test name="Default test" duration-ms="4007" started-at="2020-11-11T07:39:02Z" finished-at="2020-11-11T07:39:06Z">
      <class name="com.atmecs.apitesting.testscripts.GetRequestTest">
        <test-method status="PASS" signature="getApiTest()[pri:0, instance:com.atmecs.apitesting.testscripts.GetRequestTest@59fa1d9b]" name="getApiTest" duration-ms="3967" started-at="2020-11-11T07:39:02Z" finished-at="2020-11-11T07:39:06Z">
          <reporter-output>
          </reporter-output>
        </test-method> <!-- getApiTest -->
      </class> <!-- com.atmecs.apitesting.testscripts.GetRequestTest -->
    </test> <!-- Default test -->
  </suite> <!-- Default suite -->
</testng-results>
